2026-05-31 03:29:16,971 - Use pytorch device_name: mps
2026-05-31 03:29:16,971 - Load pretrained SentenceTransformer: sentence-transformers/all-MiniLM-L6-v2
2026-05-31 03:31:48,181 - Use pytorch device_name: mps
2026-05-31 03:31:48,181 - Load pretrained SentenceTransformer: sentence-transformers/all-MiniLM-L6-v2
2026-05-31 03:32:38,049 - query='If a company discovers a material breach, what actions are required?' jurisdiction='None' top_score=0.5454 regulation_id=16 elapsed=10.878s
2026-05-31 03:32:54,566 - query='What is the maximum fine for violations?' jurisdiction='None' top_score=0.5258 regulation_id=12 elapsed=4.182s
2026-05-31 03:32:59,197 - query='What security controls are required for biometric data systems?' jurisdiction='None' top_score=0.5335 regulation_id=19 elapsed=2.414s
2026-05-31 03:33:02,931 - query='What obligations apply when outsourcing to third parties?' jurisdiction='None' top_score=0.5388 regulation_id=15 elapsed=1.606s
2026-05-31 03:33:06,881 - query='Is annual independent review mandatory?' jurisdiction='None' top_score=0.5061 regulation_id=14 elapsed=2.289s
2026-05-31 03:33:09,015 - query='When must suspicious activity reports be filed?' jurisdiction='None' top_score=0.6518 regulation_id=17 elapsed=1.104s
2026-05-31 03:33:17,115 - query='Are offline backup procedures required?' jurisdiction='None' top_score=0.5556 regulation_id=15 elapsed=1.732s
2026-05-31 03:33:21,764 - query='If a company discovers a material breach, what actions are required?' jurisdiction='None' top_score=0.5454 regulation_id=16 elapsed=2.266s
2026-05-31 03:33:23,892 - query='What is the maximum fine for violations?' jurisdiction='None' top_score=0.5258 regulation_id=12 elapsed=0.928s
2026-05-31 03:33:25,933 - query='How long must records be retained?' jurisdiction='None' top_score=0.5014 regulation_id=17 elapsed=0.754s
2026-05-31 03:33:27,315 - query='What is the reporting deadline for material environmental incidents?' jurisdiction='None' top_score=0.652 regulation_id=18 elapsed=0.501s
2026-05-31 03:33:30,807 - query='What security controls are required for biometric data systems?' jurisdiction='None' top_score=0.5335 regulation_id=19 elapsed=1.07s
2026-05-31 03:37:52,623 - query='If a company discovers a material breach, what actions are required?' jurisdiction='None' top_score=0.5454 regulation_id=16 elapsed=2.293s
2026-06-01 19:09:51,647 - Use pytorch device_name: mps
2026-06-01 19:09:51,648 - Load pretrained SentenceTransformer: sentence-transformers/all-MiniLM-L6-v2
2026-06-01 19:13:11,302 - query='If a company discovers a material breach, what actions are required?' jurisdiction='None' top_score=0.5454 regulation_id=16 elapsed=4.732s
2026-06-01 19:20:40,732 - query='If a company discovers a material breach, what actions are required?' jurisdiction='None' top_score=0.5454 regulation_id=16 elapsed=16.171s
2026-06-01 19:22:37,707 - query='What is the maximum fine for violations?' jurisdiction='None' top_score=0.5258 regulation_id=12 elapsed=13.596s
2026-06-01 19:23:19,626 - query='If a company discovers a material breach, what actions are required?' jurisdiction='None' top_score=0.5454 regulation_id=16 elapsed=11.415s
2026-06-01 19:30:44,469 - query='If a company discovers a material breach, what actions are required?' jurisdiction='None' top_score=0.5454 regulation_id=16 elapsed=17.357s
2026-06-01 20:12:57,407 - query='What is the maximum fine for violations?' jurisdiction='None' top_score=0.5258 regulation_id=12 elapsed=29.93s
